<?xml version="1.0" encoding="UTF-8"?>
<testng-results ignored="0" total="5" passed="5" failed="0" skipped="0">
  <reporter-output>
  </reporter-output>
  <suite started-at="2026-05-30T19:29:29 IST" name="Login Test Suite" finished-at="2026-05-30T19:30:04 IST" duration-ms="35254">
    <groups>
    </groups>
    <test started-at="2026-05-30T19:29:29 IST" name="Authentication Tests" finished-at="2026-05-30T19:30:04 IST" duration-ms="35254">
      <class name="tests.LoginTest">
        <test-method is-config="true" signature="setUp()[pri:0, instance:tests.LoginTest@1725dc0f]" started-at="2026-05-30T19:29:29 IST" name="setUp" finished-at="2026-05-30T19:29:40 IST" duration-ms="10739" status="PASS">
          <reporter-output>
          </reporter-output>
        </test-method> <!-- setUp -->
        <test-method signature="testBlankFields()[pri:0, instance:tests.LoginTest@1725dc0f]" started-at="2026-05-30T19:29:40 IST" name="testBlankFields" description="TC04 - Blank fields should show error" finished-at="2026-05-30T19:29:41 IST" duration-ms="1015" status="PASS">
          <reporter-output>
          </reporter-output>
        </test-method> <!-- testBlankFields -->
        <test-method is-config="true" signature="tearDown()[pri:0, instance:tests.LoginTest@1725dc0f]" started-at="2026-05-30T19:29:41 IST" name="tearDown" finished-at="2026-05-30T19:29:41 IST" duration-ms="177" status="PASS">
          <reporter-output>
          </reporter-output>
        </test-method> <!-- tearDown -->
        <test-method is-config="true" signature="setUp()[pri:0, instance:tests.LoginTest@1725dc0f]" started-at="2026-05-30T19:29:41 IST" name="setUp" finished-at="2026-05-30T19:29:46 IST" duration-ms="4935" status="PASS">
          <reporter-output>
          </reporter-output>
        </test-method> <!-- setUp -->
        <test-method signature="testInvalidPassword()[pri:0, instance:tests.LoginTest@1725dc0f]" started-at="2026-05-30T19:29:46 IST" name="testInvalidPassword" description="TC02 - Invalid password should show error message" finished-at="2026-05-30T19:29:47 IST" duration-ms="959" status="PASS">
          <reporter-output>
          </reporter-output>
        </test-method> <!-- testInvalidPassword -->
        <test-method is-config="true" signature="tearDown()[pri:0, instance:tests.LoginTest@1725dc0f]" started-at="2026-05-30T19:29:47 IST" name="tearDown" finished-at="2026-05-30T19:29:47 IST" duration-ms="176" status="PASS">
          <reporter-output>
          </reporter-output>
        </test-method> <!-- tearDown -->
        <test-method is-config="true" signature="setUp()[pri:0, instance:tests.LoginTest@1725dc0f]" started-at="2026-05-30T19:29:47 IST" name="setUp" finished-at="2026-05-30T19:29:52 IST" duration-ms="4515" status="PASS">
          <reporter-output>
          </reporter-output>
        </test-method> <!-- setUp -->
        <test-method signature="testInvalidUsername()[pri:0, instance:tests.LoginTest@1725dc0f]" started-at="2026-05-30T19:29:52 IST" name="testInvalidUsername" description="TC03 - Invalid username should show error message" finished-at="2026-05-30T19:29:53 IST" duration-ms="968" status="PASS">
          <reporter-output>
          </reporter-output>
        </test-method> <!-- testInvalidUsername -->
        <test-method is-config="true" signature="tearDown()[pri:0, instance:tests.LoginTest@1725dc0f]" started-at="2026-05-30T19:29:53 IST" name="tearDown" finished-at="2026-05-30T19:29:53 IST" duration-ms="184" status="PASS">
          <reporter-output>
          </reporter-output>
        </test-method> <!-- tearDown -->
        <test-method is-config="true" signature="setUp()[pri:0, instance:tests.LoginTest@1725dc0f]" started-at="2026-05-30T19:29:53 IST" name="setUp" finished-at="2026-05-30T19:29:57 IST" duration-ms="4360" status="PASS">
          <reporter-output>
          </reporter-output>
        </test-method> <!-- setUp -->
        <test-method signature="testValidLogin()[pri:0, instance:tests.LoginTest@1725dc0f]" started-at="2026-05-30T19:29:57 IST" name="testValidLogin" description="TC01 - Valid login should redirect to secure area" finished-at="2026-05-30T19:29:58 IST" duration-ms="988" status="PASS">
          <reporter-output>
          </reporter-output>
        </test-method> <!-- testValidLogin -->
        <test-method is-config="true" signature="tearDown()[pri:0, instance:tests.LoginTest@1725dc0f]" started-at="2026-05-30T19:29:58 IST" name="tearDown" finished-at="2026-05-30T19:29:58 IST" duration-ms="176" status="PASS">
          <reporter-output>
          </reporter-output>
        </test-method> <!-- tearDown -->
      </class> <!-- tests.LoginTest -->
      <class name="tests.LogoutTest">
        <test-method is-config="true" signature="setUp()[pri:0, instance:tests.LogoutTest@40ef3420]" started-at="2026-05-30T19:29:58 IST" name="setUp" finished-at="2026-05-30T19:30:03 IST" duration-ms="5098" status="PASS">
          <reporter-output>
          </reporter-output>
        </test-method> <!-- setUp -->
        <test-method signature="testLogout()[pri:0, instance:tests.LogoutTest@40ef3420]" started-at="2026-05-30T19:30:03 IST" name="testLogout" description="TC05 - Logout should redirect back to login page" finished-at="2026-05-30T19:30:04 IST" duration-ms="690" status="PASS">
          <reporter-output>
          </reporter-output>
        </test-method> <!-- testLogout -->
        <test-method is-config="true" signature="tearDown()[pri:0, instance:tests.LogoutTest@40ef3420]" started-at="2026-05-30T19:30:04 IST" name="tearDown" finished-at="2026-05-30T19:30:04 IST" duration-ms="217" status="PASS">
          <reporter-output>
          </reporter-output>
        </test-method> <!-- tearDown -->
      </class> <!-- tests.LogoutTest -->
    </test> <!-- Authentication Tests -->
  </suite> <!-- Login Test Suite -->
</testng-results>
