<?xml version="1.0" encoding="UTF-8"?>
<!-- Generated by org.testng.reporters.JUnitXMLReporter -->
<testsuite ignored="0" hostname="JARVIS" failures="0" tests="5" name="Authentication Tests" time="35.254" errors="0" timestamp="2026-05-30T19:30:04 IST">
  <testcase classname="tests.LoginTest" name="testBlankFields" time="1.015"/>
  <testcase classname="tests.LoginTest" name="testInvalidPassword" time="0.959"/>
  <testcase classname="tests.LoginTest" name="testInvalidUsername" time="0.968"/>
  <testcase classname="tests.LoginTest" name="testValidLogin" time="0.988"/>
  <testcase classname="tests.LogoutTest" name="testLogout" time="0.69"/>
</testsuite> <!-- Authentication Tests -->
