<?xml version="1.0" encoding="UTF-8"?>
<!-- Generated by org.testng.reporters.JUnitReportReporter -->
<testsuite hostname="JARVIS" failures="0" tests="4" name="tests.LoginTest" time="29.192" errors="0" timestamp="2026-05-30T19:30:04 IST" skipped="0">
  <testcase classname="tests.LoginTest" name="testValidLogin" time="5.524"/>
  <testcase classname="tests.LoginTest" name="testInvalidPassword" time="11.882"/>
  <testcase classname="tests.LoginTest" name="testInvalidUsername" time="5.659"/>
  <testcase classname="tests.LoginTest" name="testBlankFields" time="6.127"/>
</testsuite> <!-- tests.LoginTest -->
